c:\users\bmzul\documents\github\networkingmerger\networking assignment 4\asteroids\x64\debug\vc143.pdb
c:\users\bmzul\documents\github\networkingmerger\networking assignment 4\asteroids\x64\debug\vc143.idb
c:\users\bmzul\documents\github\networkingmerger\networking assignment 4\asteroids\x64\debug\glad.obj
c:\users\bmzul\documents\github\networkingmerger\networking assignment 4\asteroids\x64\debug\time.obj
c:\users\bmzul\documents\github\networkingmerger\networking assignment 4\asteroids\x64\debug\state_ingame.obj
c:\users\bmzul\documents\github\networkingmerger\networking assignment 4\asteroids\x64\debug\utilsnetwork.obj
c:\users\bmzul\documents\github\networkingmerger\networking assignment 4\asteroids\x64\debug\networking.obj
c:\users\bmzul\documents\github\networkingmerger\networking assignment 4\asteroids\x64\debug\server.obj
c:\users\bmzul\documents\github\networkingmerger\networking assignment 4\asteroids\x64\debug\client.obj
c:\users\bmzul\documents\github\networkingmerger\networking assignment 4\asteroids\x64\debug\main.obj
c:\users\bmzul\documents\github\networkingmerger\networking assignment 4\asteroids\x64\debug\game.obj
c:\users\bmzul\documents\github\networkingmerger\networking assignment 4\asteroids\x64\debug\window.obj
c:\users\bmzul\documents\github\networkingmerger\networking assignment 4\asteroids\x64\debug\texture.obj
c:\users\bmzul\documents\github\networkingmerger\networking assignment 4\asteroids\x64\debug\shader.obj
c:\users\bmzul\documents\github\networkingmerger\networking assignment 4\asteroids\x64\debug\mesh.obj
c:\users\bmzul\documents\github\networkingmerger\networking assignment 4\asteroids\x64\debug\font.obj
c:\users\bmzul\documents\github\networkingmerger\networking assignment 4\asteroids\x64\debug\lodepng.obj
c:\users\bmzul\documents\github\networkingmerger\networking assignment 4\asteroids\x64\debug\asteroids.tlog\cl.command.1.tlog
c:\users\bmzul\documents\github\networkingmerger\networking assignment 4\asteroids\x64\debug\asteroids.tlog\cl.read.1.tlog
c:\users\bmzul\documents\github\networkingmerger\networking assignment 4\asteroids\x64\debug\asteroids.tlog\cl.write.1.tlog
c:\users\bmzul\documents\github\networkingmerger\networking assignment 4\asteroids\x64\debug\asteroids.tlog\link.command.1.tlog
c:\users\bmzul\documents\github\networkingmerger\networking assignment 4\asteroids\x64\debug\asteroids.tlog\link.read.1.tlog
c:\users\bmzul\documents\github\networkingmerger\networking assignment 4\asteroids\x64\debug\asteroids.tlog\link.write.1.tlog
